android/app/build/intermediates/manifest_merge_blame_file/release/processReleaseMainManifest/manifest-merger-blame-release-report.txt
1<?xml version="1.0" encoding="utf-8"?>
2<manifest xmlns:android="http://schemas.android.com/apk/res/android"
3    package="com.example.vespa_app"
4    android:versionCode="1"
5    android:versionName="1.0" >
6
7    <uses-sdk
8        android:minSdkVersion="21"
9        android:targetSdkVersion="34" />
10    <!--
11         Required to query activities that can process text, see:
12         https://developer.android.com/training/package-visibility and
13         https://developer.android.com/reference/android/content/Intent#ACTION_PROCESS_TEXT.
14
15         In particular, this is used by the Flutter engine in io.flutter.plugin.text.ProcessTextPlugin.
16    -->
17    <queries>
17-->src/main/AndroidManifest.xml:38:5-43:15
18        <intent>
18-->src/main/AndroidManifest.xml:39:9-42:18
19            <action android:name="android.intent.action.PROCESS_TEXT" />
19-->src/main/AndroidManifest.xml:40:13-72
19-->src/main/AndroidManifest.xml:40:21-70
20
21            <data android:mimeType="text/plain" />
21-->src/main/AndroidManifest.xml:41:13-50
21-->src/main/AndroidManifest.xml:41:19-48
22        </intent>
23        <intent>
23-->[:flutter_inappwebview_android] AndroidManifest.xml:8:9-10:18
24            <action android:name="android.support.customtabs.action.CustomTabsService" />
24-->[:flutter_inappwebview_android] AndroidManifest.xml:9:13-90
24-->[:flutter_inappwebview_android] AndroidManifest.xml:9:21-87
25        </intent> <!-- Needs to be explicitly declared on Android R+ -->
26        <package android:name="com.google.android.apps.maps" />
26-->[com.google.android.gms:play-services-maps:18.2.0] AndroidManifest.xml:33:9-64
26-->[com.google.android.gms:play-services-maps:18.2.0] AndroidManifest.xml:33:18-61
27    </queries>
28
29    <uses-permission android:name="android.permission.VIBRATE" />
29-->[:flutter_local_notifications] AndroidManifest.xml:7:5-66
29-->[:flutter_local_notifications] AndroidManifest.xml:7:22-63
30    <uses-permission android:name="android.permission.POST_NOTIFICATIONS" />
30-->[:flutter_local_notifications] AndroidManifest.xml:8:5-77
30-->[:flutter_local_notifications] AndroidManifest.xml:8:22-74
31    <uses-permission android:name="android.permission.INTERNET" /> <!-- Create a unique permission for your app and use it so only your app can receive your OneSignal messages. -->
31-->[com.google.firebase:firebase-crashlytics:19.4.2] AndroidManifest.xml:7:5-67
31-->[com.google.firebase:firebase-crashlytics:19.4.2] AndroidManifest.xml:7:22-64
32    <permission
32-->[com.onesignal:notifications:5.1.29] AndroidManifest.xml:10:5-12:47
33        android:name="com.example.vespa_app.permission.C2D_MESSAGE"
33-->[com.onesignal:notifications:5.1.29] AndroidManifest.xml:11:9-63
34        android:protectionLevel="signature" />
34-->[com.onesignal:notifications:5.1.29] AndroidManifest.xml:12:9-44
35
36    <uses-permission android:name="com.example.vespa_app.permission.C2D_MESSAGE" /> <!-- Required, makes sure notifications are delivered on time. -->
36-->[com.onesignal:notifications:5.1.29] AndroidManifest.xml:14:5-79
36-->[com.onesignal:notifications:5.1.29] AndroidManifest.xml:14:22-76
37    <uses-permission android:name="android.permission.WAKE_LOCK" /> <!-- c2dm RECEIVE are basic requirements for push messages through Google's FCM -->
37-->[com.onesignal:notifications:5.1.29] AndroidManifest.xml:18:5-68
37-->[com.onesignal:notifications:5.1.29] AndroidManifest.xml:18:22-65
38    <uses-permission android:name="com.google.android.c2dm.permission.RECEIVE" />
38-->[com.onesignal:notifications:5.1.29] AndroidManifest.xml:19:5-82
38-->[com.onesignal:notifications:5.1.29] AndroidManifest.xml:19:22-79
39    <!--
40 Use to restore notifications the user hasn't interacted with.
41     They could be missed notifications if the user reboots their device if this isn't in place.
42    -->
43    <uses-permission android:name="android.permission.RECEIVE_BOOT_COMPLETED" /> <!-- START: ShortcutBadger -->
43-->[com.onesignal:notifications:5.1.29] AndroidManifest.xml:29:5-81
43-->[com.onesignal:notifications:5.1.29] AndroidManifest.xml:29:22-78
44    <!-- Samsung -->
45    <uses-permission android:name="com.sec.android.provider.badge.permission.READ" />
45-->[com.onesignal:notifications:5.1.29] AndroidManifest.xml:31:5-86
45-->[com.onesignal:notifications:5.1.29] AndroidManifest.xml:31:22-83
46    <uses-permission android:name="com.sec.android.provider.badge.permission.WRITE" /> <!-- HTC -->
46-->[com.onesignal:notifications:5.1.29] AndroidManifest.xml:32:5-87
46-->[com.onesignal:notifications:5.1.29] AndroidManifest.xml:32:22-84
47    <uses-permission android:name="com.htc.launcher.permission.READ_SETTINGS" />
47-->[com.onesignal:notifications:5.1.29] AndroidManifest.xml:33:5-81
47-->[com.onesignal:notifications:5.1.29] AndroidManifest.xml:33:22-78
48    <uses-permission android:name="com.htc.launcher.permission.UPDATE_SHORTCUT" /> <!-- Sony -->
48-->[com.onesignal:notifications:5.1.29] AndroidManifest.xml:34:5-83
48-->[com.onesignal:notifications:5.1.29] AndroidManifest.xml:34:22-80
49    <uses-permission android:name="com.sonyericsson.home.permission.BROADCAST_BADGE" />
49-->[com.onesignal:notifications:5.1.29] AndroidManifest.xml:35:5-88
49-->[com.onesignal:notifications:5.1.29] AndroidManifest.xml:35:22-85
50    <uses-permission android:name="com.sonymobile.home.permission.PROVIDER_INSERT_BADGE" /> <!-- Apex -->
50-->[com.onesignal:notifications:5.1.29] AndroidManifest.xml:36:5-92
50-->[com.onesignal:notifications:5.1.29] AndroidManifest.xml:36:22-89
51    <uses-permission android:name="com.anddoes.launcher.permission.UPDATE_COUNT" /> <!-- Solid -->
51-->[com.onesignal:notifications:5.1.29] AndroidManifest.xml:37:5-84
51-->[com.onesignal:notifications:5.1.29] AndroidManifest.xml:37:22-81
52    <uses-permission android:name="com.majeur.launcher.permission.UPDATE_BADGE" /> <!-- Huawei -->
52-->[com.onesignal:notifications:5.1.29] AndroidManifest.xml:38:5-83
52-->[com.onesignal:notifications:5.1.29] AndroidManifest.xml:38:22-80
53    <uses-permission android:name="com.huawei.android.launcher.permission.CHANGE_BADGE" />
53-->[com.onesignal:notifications:5.1.29] AndroidManifest.xml:39:5-91
53-->[com.onesignal:notifications:5.1.29] AndroidManifest.xml:39:22-88
54    <uses-permission android:name="com.huawei.android.launcher.permission.READ_SETTINGS" />
54-->[com.onesignal:notifications:5.1.29] AndroidManifest.xml:40:5-92
54-->[com.onesignal:notifications:5.1.29] AndroidManifest.xml:40:22-89
55    <uses-permission android:name="com.huawei.android.launcher.permission.WRITE_SETTINGS" /> <!-- ZUK -->
55-->[com.onesignal:notifications:5.1.29] AndroidManifest.xml:41:5-93
55-->[com.onesignal:notifications:5.1.29] AndroidManifest.xml:41:22-90
56    <uses-permission android:name="android.permission.READ_APP_BADGE" /> <!-- OPPO -->
56-->[com.onesignal:notifications:5.1.29] AndroidManifest.xml:42:5-73
56-->[com.onesignal:notifications:5.1.29] AndroidManifest.xml:42:22-70
57    <uses-permission android:name="com.oppo.launcher.permission.READ_SETTINGS" />
57-->[com.onesignal:notifications:5.1.29] AndroidManifest.xml:43:5-82
57-->[com.onesignal:notifications:5.1.29] AndroidManifest.xml:43:22-79
58    <uses-permission android:name="com.oppo.launcher.permission.WRITE_SETTINGS" /> <!-- EvMe -->
58-->[com.onesignal:notifications:5.1.29] AndroidManifest.xml:44:5-83
58-->[com.onesignal:notifications:5.1.29] AndroidManifest.xml:44:22-80
59    <uses-permission android:name="me.everything.badger.permission.BADGE_COUNT_READ" />
59-->[com.onesignal:notifications:5.1.29] AndroidManifest.xml:45:5-88
59-->[com.onesignal:notifications:5.1.29] AndroidManifest.xml:45:22-85
60    <uses-permission android:name="me.everything.badger.permission.BADGE_COUNT_WRITE" />
60-->[com.onesignal:notifications:5.1.29] AndroidManifest.xml:46:5-89
60-->[com.onesignal:notifications:5.1.29] AndroidManifest.xml:46:22-86
61    <uses-permission android:name="android.permission.ACCESS_NETWORK_STATE" />
61-->[com.onesignal:core:5.1.29] AndroidManifest.xml:10:5-79
61-->[com.onesignal:core:5.1.29] AndroidManifest.xml:10:22-76
62
63    <uses-feature
63-->[com.google.android.gms:play-services-maps:18.2.0] AndroidManifest.xml:26:5-28:35
64        android:glEsVersion="0x00020000"
64-->[com.google.android.gms:play-services-maps:18.2.0] AndroidManifest.xml:27:9-41
65        android:required="true" />
65-->[com.google.android.gms:play-services-maps:18.2.0] AndroidManifest.xml:28:9-32
66
67    <uses-permission android:name="android.permission.FOREGROUND_SERVICE" />
67-->[androidx.work:work-runtime:2.8.1] AndroidManifest.xml:26:5-77
67-->[androidx.work:work-runtime:2.8.1] AndroidManifest.xml:26:22-74
68
69    <permission
69-->[androidx.core:core:1.13.1] AndroidManifest.xml:22:5-24:47
70        android:name="com.example.vespa_app.DYNAMIC_RECEIVER_NOT_EXPORTED_PERMISSION"
70-->[androidx.core:core:1.13.1] AndroidManifest.xml:23:9-81
71        android:protectionLevel="signature" />
71-->[androidx.core:core:1.13.1] AndroidManifest.xml:24:9-44
72
73    <uses-permission android:name="com.example.vespa_app.DYNAMIC_RECEIVER_NOT_EXPORTED_PERMISSION" />
73-->[androidx.core:core:1.13.1] AndroidManifest.xml:26:5-97
73-->[androidx.core:core:1.13.1] AndroidManifest.xml:26:22-94
74
75    <application
75-->src/main/AndroidManifest.xml:2:5-32:19
76        android:appComponentFactory="androidx.core.app.CoreComponentFactory"
76-->[androidx.core:core:1.13.1] AndroidManifest.xml:28:18-86
77        android:extractNativeLibs="true"
78        android:icon="@mipmap/ic_launcher"
78-->src/main/AndroidManifest.xml:4:9-43
79        android:label="vespa_app" >
79-->src/main/AndroidManifest.xml:3:9-34
80        <activity
80-->src/main/AndroidManifest.xml:5:9-26:20
81            android:name="com.example.vespa_app.MainActivity"
81-->src/main/AndroidManifest.xml:6:13-41
82            android:configChanges="orientation|keyboardHidden|keyboard|screenSize|smallestScreenSize|locale|layoutDirection|fontScale|screenLayout|density|uiMode"
82-->src/main/AndroidManifest.xml:11:13-163
83            android:exported="true"
83-->src/main/AndroidManifest.xml:7:13-36
84            android:hardwareAccelerated="true"
84-->src/main/AndroidManifest.xml:12:13-47
85            android:launchMode="singleTop"
85-->src/main/AndroidManifest.xml:8:13-43
86            android:taskAffinity=""
86-->src/main/AndroidManifest.xml:9:13-36
87            android:theme="@style/LaunchTheme"
87-->src/main/AndroidManifest.xml:10:13-47
88            android:windowSoftInputMode="adjustResize" >
88-->src/main/AndroidManifest.xml:13:13-55
89
90            <!--
91                 Specifies an Android theme to apply to this Activity as soon as
92                 the Android process has started. This theme is visible to the user
93                 while the Flutter UI initializes. After that, this theme continues
94                 to determine the Window background behind the Flutter UI.
95            -->
96            <meta-data
96-->src/main/AndroidManifest.xml:18:13-21:17
97                android:name="io.flutter.embedding.android.NormalTheme"
97-->src/main/AndroidManifest.xml:19:15-70
98                android:resource="@style/NormalTheme" />
98-->src/main/AndroidManifest.xml:20:15-52
99
100            <intent-filter>
100-->src/main/AndroidManifest.xml:22:13-25:29
101                <action android:name="android.intent.action.MAIN" />
101-->src/main/AndroidManifest.xml:23:17-68
101-->src/main/AndroidManifest.xml:23:25-66
102
103                <category android:name="android.intent.category.LAUNCHER" />
103-->src/main/AndroidManifest.xml:24:17-76
103-->src/main/AndroidManifest.xml:24:27-74
104            </intent-filter>
105        </activity>
106        <!--
107             Don't delete the meta-data below.
108             This is used by the Flutter tool to generate GeneratedPluginRegistrant.java
109        -->
110        <meta-data
110-->src/main/AndroidManifest.xml:29:9-31:33
111            android:name="flutterEmbedding"
111-->src/main/AndroidManifest.xml:30:13-44
112            android:value="2" />
112-->src/main/AndroidManifest.xml:31:13-30
113
114        <service
114-->[:firebase_crashlytics] AndroidManifest.xml:8:9-12:19
115            android:name="com.google.firebase.components.ComponentDiscoveryService"
115-->[:firebase_crashlytics] AndroidManifest.xml:8:18-89
116            android:directBootAware="true"
116-->[com.google.firebase:firebase-common:21.0.0] AndroidManifest.xml:32:13-43
117            android:exported="false" >
117-->[com.google.firebase:firebase-crashlytics:19.4.2] AndroidManifest.xml:14:13-37
118            <meta-data
118-->[:firebase_crashlytics] AndroidManifest.xml:9:13-11:85
119                android:name="com.google.firebase.components:io.flutter.plugins.firebase.crashlytics.FlutterFirebaseAppRegistrar"
119-->[:firebase_crashlytics] AndroidManifest.xml:10:17-130
120                android:value="com.google.firebase.components.ComponentRegistrar" />
120-->[:firebase_crashlytics] AndroidManifest.xml:11:17-82
121            <meta-data
121-->[:firebase_core] AndroidManifest.xml:9:13-11:85
122                android:name="com.google.firebase.components:io.flutter.plugins.firebase.core.FlutterFirebaseCoreRegistrar"
122-->[:firebase_core] AndroidManifest.xml:10:17-124
123                android:value="com.google.firebase.components.ComponentRegistrar" />
123-->[:firebase_core] AndroidManifest.xml:11:17-82
124            <meta-data
124-->[com.google.firebase:firebase-crashlytics:19.4.2] AndroidManifest.xml:15:13-17:85
125                android:name="com.google.firebase.components:com.google.firebase.crashlytics.FirebaseCrashlyticsKtxRegistrar"
125-->[com.google.firebase:firebase-crashlytics:19.4.2] AndroidManifest.xml:16:17-126
126                android:value="com.google.firebase.components.ComponentRegistrar" />
126-->[com.google.firebase:firebase-crashlytics:19.4.2] AndroidManifest.xml:17:17-82
127            <meta-data
127-->[com.google.firebase:firebase-crashlytics:19.4.2] AndroidManifest.xml:18:13-20:85
128                android:name="com.google.firebase.components:com.google.firebase.crashlytics.CrashlyticsRegistrar"
128-->[com.google.firebase:firebase-crashlytics:19.4.2] AndroidManifest.xml:19:17-115
129                android:value="com.google.firebase.components.ComponentRegistrar" />
129-->[com.google.firebase:firebase-crashlytics:19.4.2] AndroidManifest.xml:20:17-82
130            <meta-data
130-->[com.google.firebase:firebase-messaging:24.1.1] AndroidManifest.xml:57:13-59:85
131                android:name="com.google.firebase.components:com.google.firebase.messaging.FirebaseMessagingKtxRegistrar"
131-->[com.google.firebase:firebase-messaging:24.1.1] AndroidManifest.xml:58:17-122
132                android:value="com.google.firebase.components.ComponentRegistrar" />
132-->[com.google.firebase:firebase-messaging:24.1.1] AndroidManifest.xml:59:17-82
133            <meta-data
133-->[com.google.firebase:firebase-messaging:24.1.1] AndroidManifest.xml:60:13-62:85
134                android:name="com.google.firebase.components:com.google.firebase.messaging.FirebaseMessagingRegistrar"
134-->[com.google.firebase:firebase-messaging:24.1.1] AndroidManifest.xml:61:17-119
135                android:value="com.google.firebase.components.ComponentRegistrar" />
135-->[com.google.firebase:firebase-messaging:24.1.1] AndroidManifest.xml:62:17-82
136            <meta-data
136-->[com.google.firebase:firebase-sessions:2.1.0] AndroidManifest.xml:29:13-31:85
137                android:name="com.google.firebase.components:com.google.firebase.sessions.FirebaseSessionsRegistrar"
137-->[com.google.firebase:firebase-sessions:2.1.0] AndroidManifest.xml:30:17-117
138                android:value="com.google.firebase.components.ComponentRegistrar" />
138-->[com.google.firebase:firebase-sessions:2.1.0] AndroidManifest.xml:31:17-82
139            <meta-data
139-->[com.google.firebase:firebase-installations:18.0.0] AndroidManifest.xml:15:13-17:85
140                android:name="com.google.firebase.components:com.google.firebase.installations.FirebaseInstallationsKtxRegistrar"
140-->[com.google.firebase:firebase-installations:18.0.0] AndroidManifest.xml:16:17-130
141                android:value="com.google.firebase.components.ComponentRegistrar" />
141-->[com.google.firebase:firebase-installations:18.0.0] AndroidManifest.xml:17:17-82
142            <meta-data
142-->[com.google.firebase:firebase-installations:18.0.0] AndroidManifest.xml:18:13-20:85
143                android:name="com.google.firebase.components:com.google.firebase.installations.FirebaseInstallationsRegistrar"
143-->[com.google.firebase:firebase-installations:18.0.0] AndroidManifest.xml:19:17-127
144                android:value="com.google.firebase.components.ComponentRegistrar" />
144-->[com.google.firebase:firebase-installations:18.0.0] AndroidManifest.xml:20:17-82
145            <meta-data
145-->[com.google.firebase:firebase-common-ktx:21.0.0] AndroidManifest.xml:12:13-14:85
146                android:name="com.google.firebase.components:com.google.firebase.ktx.FirebaseCommonLegacyRegistrar"
146-->[com.google.firebase:firebase-common-ktx:21.0.0] AndroidManifest.xml:13:17-116
147                android:value="com.google.firebase.components.ComponentRegistrar" />
147-->[com.google.firebase:firebase-common-ktx:21.0.0] AndroidManifest.xml:14:17-82
148            <meta-data
148-->[com.google.firebase:firebase-common:21.0.0] AndroidManifest.xml:35:13-37:85
149                android:name="com.google.firebase.components:com.google.firebase.FirebaseCommonKtxRegistrar"
149-->[com.google.firebase:firebase-common:21.0.0] AndroidManifest.xml:36:17-109
150                android:value="com.google.firebase.components.ComponentRegistrar" />
150-->[com.google.firebase:firebase-common:21.0.0] AndroidManifest.xml:37:17-82
151            <meta-data
151-->[com.google.firebase:firebase-datatransport:19.0.0] AndroidManifest.xml:25:13-27:85
152                android:name="com.google.firebase.components:com.google.firebase.datatransport.TransportRegistrar"
152-->[com.google.firebase:firebase-datatransport:19.0.0] AndroidManifest.xml:26:17-115
153                android:value="com.google.firebase.components.ComponentRegistrar" />
153-->[com.google.firebase:firebase-datatransport:19.0.0] AndroidManifest.xml:27:17-82
154        </service>
155
156        <activity
156-->[:flutter_inappwebview_android] AndroidManifest.xml:14:9-18:47
157            android:name="com.pichillilorenzo.flutter_inappwebview_android.in_app_browser.InAppBrowserActivity"
157-->[:flutter_inappwebview_android] AndroidManifest.xml:15:13-112
158            android:configChanges="orientation|keyboardHidden|keyboard|screenSize|locale|layoutDirection|fontScale|screenLayout|density"
158-->[:flutter_inappwebview_android] AndroidManifest.xml:16:13-137
159            android:exported="false"
159-->[:flutter_inappwebview_android] AndroidManifest.xml:17:13-37
160            android:theme="@style/AppTheme" />
160-->[:flutter_inappwebview_android] AndroidManifest.xml:18:13-44
161        <activity
161-->[:flutter_inappwebview_android] AndroidManifest.xml:19:9-22:55
162            android:name="com.pichillilorenzo.flutter_inappwebview_android.chrome_custom_tabs.ChromeCustomTabsActivity"
162-->[:flutter_inappwebview_android] AndroidManifest.xml:20:13-120
163            android:exported="false"
163-->[:flutter_inappwebview_android] AndroidManifest.xml:21:13-37
164            android:theme="@style/ThemeTransparent" />
164-->[:flutter_inappwebview_android] AndroidManifest.xml:22:13-52
165        <activity
165-->[:flutter_inappwebview_android] AndroidManifest.xml:23:9-26:55
166            android:name="com.pichillilorenzo.flutter_inappwebview_android.chrome_custom_tabs.TrustedWebActivity"
166-->[:flutter_inappwebview_android] AndroidManifest.xml:24:13-114
167            android:exported="false"
167-->[:flutter_inappwebview_android] AndroidManifest.xml:25:13-37
168            android:theme="@style/ThemeTransparent" />
168-->[:flutter_inappwebview_android] AndroidManifest.xml:26:13-52
169        <activity
169-->[:flutter_inappwebview_android] AndroidManifest.xml:27:9-31:55
170            android:name="com.pichillilorenzo.flutter_inappwebview_android.chrome_custom_tabs.ChromeCustomTabsActivitySingleInstance"
170-->[:flutter_inappwebview_android] AndroidManifest.xml:28:13-134
171            android:exported="false"
171-->[:flutter_inappwebview_android] AndroidManifest.xml:29:13-37
172            android:launchMode="singleInstance"
172-->[:flutter_inappwebview_android] AndroidManifest.xml:30:13-48
173            android:theme="@style/ThemeTransparent" />
173-->[:flutter_inappwebview_android] AndroidManifest.xml:31:13-52
174        <activity
174-->[:flutter_inappwebview_android] AndroidManifest.xml:32:9-36:55
175            android:name="com.pichillilorenzo.flutter_inappwebview_android.chrome_custom_tabs.TrustedWebActivitySingleInstance"
175-->[:flutter_inappwebview_android] AndroidManifest.xml:33:13-128
176            android:exported="false"
176-->[:flutter_inappwebview_android] AndroidManifest.xml:34:13-37
177            android:launchMode="singleInstance"
177-->[:flutter_inappwebview_android] AndroidManifest.xml:35:13-48
178            android:theme="@style/ThemeTransparent" />
178-->[:flutter_inappwebview_android] AndroidManifest.xml:36:13-52
179
180        <receiver
180-->[:flutter_inappwebview_android] AndroidManifest.xml:38:9-41:40
181            android:name="com.pichillilorenzo.flutter_inappwebview_android.chrome_custom_tabs.ActionBroadcastReceiver"
181-->[:flutter_inappwebview_android] AndroidManifest.xml:39:13-119
182            android:enabled="true"
182-->[:flutter_inappwebview_android] AndroidManifest.xml:40:13-35
183            android:exported="false" />
183-->[:flutter_inappwebview_android] AndroidManifest.xml:41:13-37
184
185        <meta-data
185-->[:flutter_inappwebview_android] AndroidManifest.xml:43:9-45:36
186            android:name="io.flutter.embedded_views_preview"
186-->[:flutter_inappwebview_android] AndroidManifest.xml:44:13-61
187            android:value="true" />
187-->[:flutter_inappwebview_android] AndroidManifest.xml:45:13-33
188
189        <provider
189-->[:image_picker_android] AndroidManifest.xml:9:9-17:20
190            android:name="io.flutter.plugins.imagepicker.ImagePickerFileProvider"
190-->[:image_picker_android] AndroidManifest.xml:10:13-82
191            android:authorities="com.example.vespa_app.flutter.image_provider"
191-->[:image_picker_android] AndroidManifest.xml:11:13-74
192            android:exported="false"
192-->[:image_picker_android] AndroidManifest.xml:12:13-37
193            android:grantUriPermissions="true" >
193-->[:image_picker_android] AndroidManifest.xml:13:13-47
194            <meta-data
194-->[:image_picker_android] AndroidManifest.xml:14:13-16:75
195                android:name="android.support.FILE_PROVIDER_PATHS"
195-->[:image_picker_android] AndroidManifest.xml:15:17-67
196                android:resource="@xml/flutter_image_picker_file_paths" />
196-->[:image_picker_android] AndroidManifest.xml:16:17-72
197        </provider> <!-- Trigger Google Play services to install the backported photo picker module. -->
198        <service
198-->[:image_picker_android] AndroidManifest.xml:19:9-31:19
199            android:name="com.google.android.gms.metadata.ModuleDependencies"
199-->[:image_picker_android] AndroidManifest.xml:20:13-78
200            android:enabled="false"
200-->[:image_picker_android] AndroidManifest.xml:21:13-36
201            android:exported="false" >
201-->[:image_picker_android] AndroidManifest.xml:22:13-37
202            <intent-filter>
202-->[:image_picker_android] AndroidManifest.xml:24:13-26:29
203                <action android:name="com.google.android.gms.metadata.MODULE_DEPENDENCIES" />
203-->[:image_picker_android] AndroidManifest.xml:25:17-94
203-->[:image_picker_android] AndroidManifest.xml:25:25-91
204            </intent-filter>
205
206            <meta-data
206-->[:image_picker_android] AndroidManifest.xml:28:13-30:36
207                android:name="photopicker_activity:0:required"
207-->[:image_picker_android] AndroidManifest.xml:29:17-63
208                android:value="" />
208-->[:image_picker_android] AndroidManifest.xml:30:17-33
209        </service>
210        <service
210-->[:geolocator_android] AndroidManifest.xml:8:9-12:56
211            android:name="com.baseflow.geolocator.GeolocatorLocationService"
211-->[:geolocator_android] AndroidManifest.xml:9:13-77
212            android:enabled="true"
212-->[:geolocator_android] AndroidManifest.xml:10:13-35
213            android:exported="false"
213-->[:geolocator_android] AndroidManifest.xml:11:13-37
214            android:foregroundServiceType="location" />
214-->[:geolocator_android] AndroidManifest.xml:12:13-53
215
216        <activity
216-->[:url_launcher_android] AndroidManifest.xml:8:9-11:74
217            android:name="io.flutter.plugins.urllauncher.WebViewActivity"
217-->[:url_launcher_android] AndroidManifest.xml:9:13-74
218            android:exported="false"
218-->[:url_launcher_android] AndroidManifest.xml:10:13-37
219            android:theme="@android:style/Theme.NoTitleBar.Fullscreen" />
219-->[:url_launcher_android] AndroidManifest.xml:11:13-71
220
221        <receiver
221-->[com.onesignal:notifications:5.1.29] AndroidManifest.xml:49:9-60:20
222            android:name="com.onesignal.notifications.receivers.FCMBroadcastReceiver"
222-->[com.onesignal:notifications:5.1.29] AndroidManifest.xml:50:13-86
223            android:exported="true"
223-->[com.onesignal:notifications:5.1.29] AndroidManifest.xml:51:13-36
224            android:permission="com.google.android.c2dm.permission.SEND" >
224-->[com.onesignal:notifications:5.1.29] AndroidManifest.xml:52:13-73
225
226            <!-- High priority so OneSignal payloads can be filtered from other FCM receivers -->
227            <intent-filter android:priority="999" >
227-->[com.onesignal:notifications:5.1.29] AndroidManifest.xml:55:13-59:29
227-->[com.onesignal:notifications:5.1.29] AndroidManifest.xml:55:28-50
228                <action android:name="com.google.android.c2dm.intent.RECEIVE" />
228-->[com.onesignal:notifications:5.1.29] AndroidManifest.xml:56:17-81
228-->[com.onesignal:notifications:5.1.29] AndroidManifest.xml:56:25-78
229
230                <category android:name="com.example.vespa_app" />
230-->[com.onesignal:notifications:5.1.29] AndroidManifest.xml:58:17-61
230-->[com.onesignal:notifications:5.1.29] AndroidManifest.xml:58:27-58
231            </intent-filter>
232        </receiver>
233
234        <service
234-->[com.onesignal:notifications:5.1.29] AndroidManifest.xml:62:9-68:19
235            android:name="com.onesignal.notifications.services.HmsMessageServiceOneSignal"
235-->[com.onesignal:notifications:5.1.29] AndroidManifest.xml:63:13-91
236            android:exported="false" >
236-->[com.onesignal:notifications:5.1.29] AndroidManifest.xml:64:13-37
237            <intent-filter>
237-->[com.onesignal:notifications:5.1.29] AndroidManifest.xml:65:13-67:29
238                <action android:name="com.huawei.push.action.MESSAGING_EVENT" />
238-->[com.onesignal:notifications:5.1.29] AndroidManifest.xml:66:17-81
238-->[com.onesignal:notifications:5.1.29] AndroidManifest.xml:66:25-78
239            </intent-filter>
240        </service> <!-- CAUTION: OneSignal backend includes the activity name in the payload, modifying the name without sync may result in notification click not firing -->
241        <activity
241-->[com.onesignal:notifications:5.1.29] AndroidManifest.xml:69:9-77:20
242            android:name="com.onesignal.NotificationOpenedActivityHMS"
242-->[com.onesignal:notifications:5.1.29] AndroidManifest.xml:70:13-71
243            android:exported="true"
243-->[com.onesignal:notifications:5.1.29] AndroidManifest.xml:71:13-36
244            android:noHistory="true"
244-->[com.onesignal:notifications:5.1.29] AndroidManifest.xml:72:13-37
245            android:theme="@android:style/Theme.Translucent.NoTitleBar" >
245-->[com.onesignal:notifications:5.1.29] AndroidManifest.xml:73:13-72
246            <intent-filter>
246-->[com.onesignal:notifications:5.1.29] AndroidManifest.xml:74:13-76:29
247                <action android:name="android.intent.action.VIEW" />
247-->[com.onesignal:notifications:5.1.29] AndroidManifest.xml:75:17-69
247-->[com.onesignal:notifications:5.1.29] AndroidManifest.xml:75:25-66
248            </intent-filter>
249        </activity>
250
251        <receiver
251-->[com.onesignal:notifications:5.1.29] AndroidManifest.xml:79:9-81:39
252            android:name="com.onesignal.notifications.receivers.NotificationDismissReceiver"
252-->[com.onesignal:notifications:5.1.29] AndroidManifest.xml:80:13-93
253            android:exported="true" />
253-->[com.onesignal:notifications:5.1.29] AndroidManifest.xml:81:13-36
254        <receiver
254-->[com.onesignal:notifications:5.1.29] AndroidManifest.xml:82:9-89:20
255            android:name="com.onesignal.notifications.receivers.BootUpReceiver"
255-->[com.onesignal:notifications:5.1.29] AndroidManifest.xml:83:13-80
256            android:exported="true" >
256-->[com.onesignal:notifications:5.1.29] AndroidManifest.xml:84:13-36
257            <intent-filter>
257-->[com.onesignal:notifications:5.1.29] AndroidManifest.xml:85:13-88:29
258                <action android:name="android.intent.action.BOOT_COMPLETED" />
258-->[com.onesignal:notifications:5.1.29] AndroidManifest.xml:86:17-79
258-->[com.onesignal:notifications:5.1.29] AndroidManifest.xml:86:25-76
259                <action android:name="android.intent.action.QUICKBOOT_POWERON" />
259-->[com.onesignal:notifications:5.1.29] AndroidManifest.xml:87:17-82
259-->[com.onesignal:notifications:5.1.29] AndroidManifest.xml:87:25-79
260            </intent-filter>
261        </receiver>
262        <receiver